proguard/seeds.txt
pl.noip.BootCompletedReceiver
pl.noip.BootCompletedReceiver: BootCompletedReceiver()
pl.noip.MainActivity
pl.noip.MainActivity: MainActivity()
pl.noip.MainActivity: void procesSwitch(android.view.View)
pl.noip.Updater
pl.noip.Updater: Updater()
pl.noip.Ustawienia
pl.noip.Ustawienia: Ustawienia()
...
com.startapp.android.publish.slider.sliding.a$c
com.startapp.android.publish.slider.sliding.a$c: a$c()
com.startapp.android.publish.slider.sliding.a$c: java.lang.Object a(android.content.Context,android.view.animation.Interpolator)
com.startapp.android.publish.slider.sliding.a$c: boolean a(java.lang.Object)
com.startapp.android.publish.slider.sliding.a$c: int b(java.lang.Object)
com.startapp.android.publish.slider.sliding.a$c: int c(java.lang.Object)
com.startapp.android.publish.slider.sliding.a$c: boolean d(java.lang.Object)
com.startapp.android.publish.slider.sliding.a$c: void a(java.lang.Object,int,int,int,int,int)
com.startapp.android.publish.slider.sliding.a$c: void e(java.lang.Object)
com.startapp.android.publish.slider.sliding.a$c: int f(java.lang.Object)
com.startapp.android.publish.slider.sliding.a$c: int g(java.lang.Object)
com.startapp.android.publish.slider.sliding.a$d
com.startapp.android.publish.slider.sliding.a$d: a$d()
com.startapp.android.publish.slider.sliding.a.a
com.startapp.android.publish.slider.sliding.a.a: com.startapp.android.publish.slider.sliding.a.a$b a
com.startapp.android.publish.slider.sliding.a.a: java.lang.Object b
com.startapp.android.publish.slider.sliding.a.a: com.startapp.android.publish.slider.sliding.a.a a(java.lang.Object)
com.startapp.android.publish.slider.sliding.a.a: a(java.lang.Object)
com.startapp.android.publish.slider.sliding.a.a: java.lang.Object a()
com.startapp.android.publish.slider.sliding.a.a: com.startapp.android.publish.slider.sliding.a.a a(com.startapp.android.publish.slider.sliding.a.a)
com.startapp.android.publish.slider.sliding.a.a: void a(android.view.View)
com.startapp.android.publish.slider.sliding.a.a: void b(android.view.View)
com.startapp.android.publish.slider.sliding.a.a: int b()
com.startapp.android.publish.slider.sliding.a.a: void a(int)
com.startapp.android.publish.slider.sliding.a.a: void c(android.view.View)
com.startapp.android.publish.slider.sliding.a.a: void a(android.graphics.Rect)
com.startapp.android.publish.slider.sliding.a.a: void b(android.graphics.Rect)
com.startapp.android.publish.slider.sliding.a.a: void c(android.graphics.Rect)
com.startapp.android.publish.slider.sliding.a.a: void d(android.graphics.Rect)
com.startapp.android.publish.slider.sliding.a.a: boolean c()
com.startapp.android.publish.slider.sliding.a.a: boolean d()
com.startapp.android.publish.slider.sliding.a.a: boolean e()
com.startapp.android.publish.slider.sliding.a.a$a
com.startapp.android.publish.slider.sliding.a.a$a: a$a()
com.startapp.android.publish.slider.sliding.a.a$a: java.lang.Object a(java.lang.Object)
com.startapp.android.publish.slider.sliding.a.a$a: void a(java.lang.Object,int)
com.startapp.android.publish.slider.sliding.a.a$a: void a(java.lang.Object,android.view.View)
com.startapp.android.publish.slider.sliding.a.a$a: int b(java.lang.Object)
com.startapp.android.publish.slider.sliding.a.a$a: void a(java.lang.Object,android.graphics.Rect)
com.startapp.android.publish.slider.sliding.a.a$a: void b(java.lang.Object,android.graphics.Rect)
com.startapp.android.publish.slider.sliding.a.a$a: java.lang.CharSequence c(java.lang.Object)
com.startapp.android.publish.slider.sliding.a.a$a: java.lang.CharSequence d(java.lang.Object)
com.startapp.android.publish.slider.sliding.a.a$a: java.lang.CharSequence e(java.lang.Object)
com.startapp.android.publish.slider.sliding.a.a$a: java.lang.CharSequence f(java.lang.Object)
com.startapp.android.publish.slider.sliding.a.a$a: boolean g(java.lang.Object)
com.startapp.android.publish.slider.sliding.a.a$a: boolean h(java.lang.Object)
com.startapp.android.publish.slider.sliding.a.a$a: boolean i(java.lang.Object)
com.startapp.android.publish.slider.sliding.a.a$a: boolean j(java.lang.Object)
com.startapp.android.publish.slider.sliding.a.a$a: boolean k(java.lang.Object)
com.startapp.android.publish.slider.sliding.a.a$a: boolean l(java.lang.Object)