proguard/mapping.txt
pl.noip.BootCompletedReceiver -> pl.noip.BootCompletedReceiver:
    12:19:void onReceive(android.content.Context,android.content.Intent) -> onReceive
pl.noip.EasySSLSocketFactory -> pl.noip.a:
    javax.net.ssl.SSLContext sslcontext -> a
    52:57:javax.net.ssl.SSLContext createEasySSLContext() -> a
    62:65:javax.net.ssl.SSLContext getSSLContext() -> b
    76:94:java.net.Socket connectSocket(java.net.Socket,java.lang.String,int,java.net.InetAddress,int,org.apache.http.params.HttpParams) -> connectSocket
    102:102:java.net.Socket createSocket() -> createSocket
    109:109:boolean isSecure(java.net.Socket) -> isSecure
    119:119:java.net.Socket createSocket(java.net.Socket,java.lang.String,int,boolean) -> createSocket
    128:128:boolean equals(java.lang.Object) -> equals
    133:133:int hashCode() -> hashCode
pl.noip.EasyX509TrustManager -> pl.noip.b:
    javax.net.ssl.X509TrustManager standardTrustManager -> a
    66:67:void checkClientTrusted(java.security.cert.X509Certificate[],java.lang.String) -> checkClientTrusted
    75:83:void checkServerTrusted(java.security.cert.X509Certificate[],java.lang.String) -> checkServerTrusted
    90:90:java.security.cert.X509Certificate[] getAcceptedIssuers() -> getAcceptedIssuers
pl.noip.MainActivity -> pl.noip.MainActivity:
    java.lang.String DEV_ID -> a
    java.lang.String APP_ID -> b
    boolean isRunning -> c
    boolean activityVisible -> h
    android.widget.TextView latest_ip -> d
    android.widget.TextView latest_ip_time -> e
    android.widget.TextView latest_response -> f
    android.widget.ImageButton przycisk -> g
    android.content.SharedPreferences$OnSharedPreferenceChangeListener prefListener -> i
    43:91:void onCreate(android.os.Bundle) -> onCreate
    95:143:void procesSwitch(android.view.View) -> procesSwitch
    146:146:boolean isActivityVisible() -> a
    159:181:boolean checkinternet() -> b
    187:189:void onPause() -> onPause
    195:196:void onDestroy() -> onDestroy
    200:218:void onResume() -> onResume
    223:225:void onStart() -> onStart
    229:235:boolean isServiceRunning(android.content.Context,java.lang.String) -> a
    241:242:boolean onCreateOptionsMenu(android.view.Menu) -> onCreateOptionsMenu
    248:274:boolean onOptionsItemSelected(android.view.MenuItem) -> onOptionsItemSelected
pl.noip.MainActivity$1 -> pl.noip.MainActivity$1:
    pl.noip.MainActivity this$0 -> a
    57:77:void onSharedPreferenceChanged(android.content.SharedPreferences,java.lang.String) -> onSharedPreferenceChanged
pl.noip.MainActivity$2 -> pl.noip.MainActivity$2:
    pl.noip.MainActivity this$0 -> a
    175:176:void onClick(android.content.DialogInterface,int) -> onClick
pl.noip.Polaczenie -> pl.noip.c:
    java.lang.String url -> a
    java.lang.String method -> b
    java.lang.String kodowanie -> c
    java.util.List params -> d
    org.apache.http.client.methods.HttpGet getRequest -> e
    org.apache.http.HttpResponse response -> f
    java.lang.String result -> g
    org.apache.http.impl.client.DefaultHttpClient httpClient -> h
    java.util.ArrayList naglowki -> i
    63:88:org.apache.http.impl.client.DefaultHttpClient nowyKlient() -> a
    92:93:void setUrl(java.lang.String) -> a
    98:99:void setMethod(java.lang.String) -> b
    120:121:void dodajNaglowek(java.lang.String,java.lang.String) -> a
    130:141:org.apache.http.Header[] pobierzNaglowki() -> d
    149:150:java.lang.String getResult() -> b
    205:206:void execute() -> c
    214:247:java.lang.String convertStreamToString(java.io.InputStream) -> a
...
com.startapp.android.publish.gson.internal.bind.TypeAdapters$28 -> com.startapp.android.publish.gson.internal.bind.TypeAdapters$28:
    java.lang.Class val$type -> val$type
    com.startapp.android.publish.gson.TypeAdapter val$typeAdapter -> val$typeAdapter
    782:782:com.startapp.android.publish.gson.TypeAdapter create(com.startapp.android.publish.gson.Gson,com.startapp.android.publish.gson.reflect.TypeToken) -> create
    785:785:java.lang.String toString() -> toString
com.startapp.android.publish.gson.internal.bind.TypeAdapters$29 -> com.startapp.android.publish.gson.internal.bind.TypeAdapters$29:
    java.lang.Class val$unboxed -> val$unboxed
    java.lang.Class val$boxed -> val$boxed
    com.startapp.android.publish.gson.TypeAdapter val$typeAdapter -> val$typeAdapter
    795:796:com.startapp.android.publish.gson.TypeAdapter create(com.startapp.android.publish.gson.Gson,com.startapp.android.publish.gson.reflect.TypeToken) -> create
    799:799:java.lang.String toString() -> toString
com.startapp.android.publish.gson.internal.bind.TypeAdapters$3 -> com.startapp.android.publish.gson.internal.bind.TypeAdapters$3:
    146:153:java.lang.Boolean read(com.startapp.android.publish.gson.stream.JsonReader) -> read
    157:162:void write(com.startapp.android.publish.gson.stream.JsonWriter,java.lang.Boolean) -> write
    143:143:java.lang.Object read(com.startapp.android.publish.gson.stream.JsonReader) -> read
    143:143:void write(com.startapp.android.publish.gson.stream.JsonWriter,java.lang.Object) -> write
com.startapp.android.publish.gson.internal.bind.TypeAdapters$30 -> com.startapp.android.publish.gson.internal.bind.TypeAdapters$30:
    java.lang.Class val$base -> val$base
    java.lang.Class val$sub -> val$sub
    com.startapp.android.publish.gson.TypeAdapter val$typeAdapter -> val$typeAdapter
    810:811:com.startapp.android.publish.gson.TypeAdapter create(com.startapp.android.publish.gson.Gson,com.startapp.android.publish.gson.reflect.TypeToken) -> create
    814:814:java.lang.String toString() -> toString
com.startapp.android.publish.gson.internal.bind.TypeAdapters$31 -> com.startapp.android.publish.gson.internal.bind.TypeAdapters$31:
    java.lang.Class val$clazz -> val$clazz
    com.startapp.android.publish.gson.TypeAdapter val$typeAdapter -> val$typeAdapter
    825:825:com.startapp.android.publish.gson.TypeAdapter create(com.startapp.android.publish.gson.Gson,com.startapp.android.publish.gson.reflect.TypeToken) -> create
    828:828:java.lang.String toString() -> toString
com.startapp.android.publish.gson.internal.bind.TypeAdapters$32 -> com.startapp.android.publish.gson.internal.bind.TypeAdapters$32:
    int[] $SwitchMap$com$google$gson$stream$JsonToken -> $SwitchMap$com$google$gson$stream$JsonToken
com.startapp.android.publish.gson.internal.bind.TypeAdapters$4 -> com.startapp.android.publish.gson.internal.bind.TypeAdapters$4:
    171:175:java.lang.Boolean read(com.startapp.android.publish.gson.stream.JsonReader) -> read
    179:180:void write(com.startapp.android.publish.gson.stream.JsonWriter,java.lang.Boolean) -> write
    169:169:java.lang.Object read(com.startapp.android.publish.gson.stream.JsonReader) -> read
    169:169:void write(com.startapp.android.publish.gson.stream.JsonWriter,java.lang.Object) -> write
com.startapp.android.publish.gson.internal.bind.TypeAdapters$5 -> com.startapp.android.publish.gson.internal.bind.TypeAdapters$5:
    189:197:java.lang.Number read(com.startapp.android.publish.gson.stream.JsonReader) -> read
    202:203:void write(com.startapp.android.publish.gson.stream.JsonWriter,java.lang.Number) -> write
    186:186:java.lang.Object read(com.startapp.android.publish.gson.stream.JsonReader) -> read
    186:186:void write(com.startapp.android.publish.gson.stream.JsonWriter,java.lang.Object) -> write